[13-Mar-2026 01:05:47 UTC] PHP Warning:  Undefined array key "host" in /workspaces/UX221-Assignment-3-/.wordpress/wp-includes/pluggable.php on line 1721
[13-Mar-2026 18:51:28 UTC] PHP Fatal error:  Out of memory (allocated 44040192 bytes) (tried to allocate 49152 bytes) in /workspaces/UX221-Assignment-3-/.wordpress/wp-includes/fonts/class-wp-font-face.php on line 121
[13-Mar-2026 18:51:32 UTC] PHP Fatal error:  Out of memory (allocated 39845888 bytes) (tried to allocate 2097152 bytes) in /workspaces/UX221-Assignment-3-/.wordpress/wp-content/plugins/ecommerce-product-catalog/includes/class-ic-featured-products.php on line 81
[13-Mar-2026 18:51:32 UTC] PHP Fatal error:  Out of memory (allocated 39845888 bytes) (tried to allocate 2097152 bytes) in /workspaces/UX221-Assignment-3-/.wordpress/wp-includes/Requests/src/Cookie/Jar.php on line 32
[13-Mar-2026 18:51:33 UTC] PHP Fatal error:  Out of memory (allocated 35651584 bytes) (tried to allocate 2097152 bytes) in /workspaces/UX221-Assignment-3-/.wordpress/wp-content/plugins/ecommerce-product-catalog/includes/class-ic-featured-products.php on line 21
[13-Mar-2026 18:51:33 UTC] PHP Fatal error:  Out of memory (allocated 35651584 bytes) (tried to allocate 2097152 bytes) in /workspaces/UX221-Assignment-3-/.wordpress/wp-includes/sodium_compat/src/Core/Util.php on line 12
[13-Mar-2026 18:51:36 UTC] PHP Fatal error:  Out of memory (allocated 33554432 bytes) (tried to allocate 2097152 bytes) in /workspaces/UX221-Assignment-3-/.wordpress/wp-content/plugins/ecommerce-product-catalog/includes/class-ic-featured-products.php on line 81
[13-Mar-2026 18:51:36 UTC] PHP Fatal error:  Out of memory (allocated 33554432 bytes) (tried to allocate 2097152 bytes) in /workspaces/UX221-Assignment-3-/.wordpress/wp-includes/Requests/src/Cookie/Jar.php on line 32
[13-Mar-2026 18:51:38 UTC] PHP Fatal error:  Out of memory (allocated 31457280 bytes) (tried to allocate 2097152 bytes) in /workspaces/UX221-Assignment-3-/.wordpress/wp-content/plugins/ecommerce-product-catalog/includes/product-filters.php on line 404
[13-Mar-2026 18:51:38 UTC] PHP Fatal error:  Out of memory (allocated 31457280 bytes) (tried to allocate 131072 bytes) in /workspaces/UX221-Assignment-3-/.wordpress/wp-content/languages/admin-en_CA.l10n.php on line 2
[13-Mar-2026 18:51:38 UTC] PHP Fatal error:  Out of memory (allocated 31457280 bytes) (tried to allocate 2097152 bytes) in /workspaces/UX221-Assignment-3-/.wordpress/wp-content/plugins/ecommerce-product-catalog/includes/class-ic-featured-products.php on line 26
[13-Mar-2026 18:51:38 UTC] PHP Fatal error:  Out of memory (allocated 31457280 bytes) (tried to allocate 2097152 bytes) in /workspaces/UX221-Assignment-3-/.wordpress/wp-includes/Requests/src/Cookie/Jar.php on line 32
[13-Mar-2026 18:51:44 UTC] PHP Fatal error:  Out of memory (allocated 31457280 bytes) (tried to allocate 2097152 bytes) in /workspaces/UX221-Assignment-3-/.wordpress/wp-content/plugins/ecommerce-product-catalog/includes/product-filters.php on line 384
[13-Mar-2026 18:51:44 UTC] PHP Fatal error:  Out of memory (allocated 31457280 bytes) (tried to allocate 131072 bytes) in /workspaces/UX221-Assignment-3-/.wordpress/wp-content/languages/admin-en_CA.l10n.php on line 2
[13-Mar-2026 18:51:45 UTC] PHP Fatal error:  Out of memory (allocated 31457280 bytes) (tried to allocate 2097152 bytes) in /workspaces/UX221-Assignment-3-/.wordpress/wp-content/plugins/ecommerce-product-catalog/includes/product-ajax.php on line 184
[13-Mar-2026 18:51:45 UTC] PHP Fatal error:  Out of memory (allocated 31457280 bytes) (tried to allocate 131072 bytes) in /workspaces/UX221-Assignment-3-/.wordpress/wp-content/languages/admin-en_CA.l10n.php on line 2
[13-Mar-2026 18:51:48 UTC] PHP Fatal error:  Out of memory (allocated 31457280 bytes) (tried to allocate 2097152 bytes) in /workspaces/UX221-Assignment-3-/.wordpress/wp-content/plugins/ecommerce-product-catalog/includes/product-ajax.php on line 184
[13-Mar-2026 18:51:48 UTC] PHP Fatal error:  Out of memory (allocated 31457280 bytes) (tried to allocate 131072 bytes) in /workspaces/UX221-Assignment-3-/.wordpress/wp-content/languages/admin-en_CA.l10n.php on line 2
[13-Mar-2026 18:52:21 UTC] PHP Fatal error:  Out of memory (allocated 31457280 bytes) (tried to allocate 2097152 bytes) in /workspaces/UX221-Assignment-3-/.wordpress/wp-content/plugins/ecommerce-product-catalog/includes/class-ic-featured-products.php on line 81
[13-Mar-2026 18:52:21 UTC] PHP Fatal error:  Out of memory (allocated 31457280 bytes) (tried to allocate 2097152 bytes) in /workspaces/UX221-Assignment-3-/.wordpress/wp-includes/Requests/src/Cookie/Jar.php on line 32
[13-Mar-2026 18:54:59 UTC] PHP Fatal error:  Out of memory (allocated 31457280 bytes) (tried to allocate 2097152 bytes) in /workspaces/UX221-Assignment-3-/.wordpress/wp-content/plugins/ecommerce-product-catalog/includes/class-ic-featured-products.php on line 81
[13-Mar-2026 18:54:59 UTC] PHP Fatal error:  Out of memory (allocated 31457280 bytes) (tried to allocate 2097152 bytes) in /workspaces/UX221-Assignment-3-/.wordpress/wp-includes/Requests/src/Cookie/Jar.php on line 32
[13-Mar-2026 18:59:06 UTC] PHP Fatal error:  Out of memory (allocated 31457280 bytes) (tried to allocate 2097152 bytes) in /workspaces/UX221-Assignment-3-/.wordpress/wp-content/plugins/ecommerce-product-catalog/includes/class-ic-featured-products.php on line 81
[13-Mar-2026 18:59:06 UTC] PHP Fatal error:  Out of memory (allocated 31457280 bytes) (tried to allocate 2097152 bytes) in /workspaces/UX221-Assignment-3-/.wordpress/wp-includes/Requests/src/Cookie/Jar.php on line 32
[14-Mar-2026 16:56:32 UTC] PHP Warning:  Undefined variable $parent_theme_name in /workspaces/UX221-Assignment-3-/.wordpress/wp-content/mu-plugins/one-click-child-theme/templates/create_child_form.php on line 18
[14-Mar-2026 16:56:43 UTC] PHP Warning:  Undefined variable $parent_theme_name in /workspaces/UX221-Assignment-3-/.wordpress/wp-content/mu-plugins/one-click-child-theme/templates/create_child_form.php on line 18
[14-Mar-2026 17:00:25 UTC] PHP Fatal error:  Out of memory (allocated 35651584 bytes) (tried to allocate 2097152 bytes) in /workspaces/UX221-Assignment-3-/.wordpress/wp-content/plugins/ecommerce-product-catalog/includes/product.php on line 45
[14-Mar-2026 17:00:25 UTC] PHP Fatal error:  Out of memory (allocated 35651584 bytes) (tried to allocate 2097152 bytes) in /workspaces/UX221-Assignment-3-/.wordpress/wp-includes/Requests/src/Cookie/Jar.php on line 32
[14-Mar-2026 17:00:29 UTC] PHP Fatal error:  Out of memory (allocated 33554432 bytes) (tried to allocate 2097152 bytes) in /workspaces/UX221-Assignment-3-/.wordpress/wp-content/plugins/ecommerce-product-catalog/includes/product.php on line 42
[14-Mar-2026 17:00:29 UTC] PHP Fatal error:  Out of memory (allocated 33554432 bytes) (tried to allocate 2097152 bytes) in /workspaces/UX221-Assignment-3-/.wordpress/wp-includes/Requests/src/Cookie/Jar.php on line 32
[14-Mar-2026 17:01:09 UTC] PHP Fatal error:  Out of memory (allocated 31457280 bytes) (tried to allocate 2097152 bytes) in /workspaces/UX221-Assignment-3-/.wordpress/wp-content/plugins/ecommerce-product-catalog/includes/extensions.php on line 568
[14-Mar-2026 17:01:09 UTC] PHP Fatal error:  Out of memory (allocated 31457280 bytes) (tried to allocate 2097152 bytes) in /workspaces/UX221-Assignment-3-/.wordpress/wp-includes/Requests/src/Cookie/Jar.php on line 32
